<?xml version="1.0" encoding="UTF-8"?>
<!-- Generated by org.testng.reporters.JUnitReportReporter -->
<testsuite hostname="DESKTOP-OVOH92K" failures="0" tests="1" name="testclass.TC03_verifybagproductaddtocartfunctinality" time="5.507" errors="0" timestamp="2023-03-07T21:21:14 IST" skipped="0">
  <testcase classname="testclass.TC03_verifybagproductaddtocartfunctinality" name="validation" time="5.507"/>
  <system-out/>
</testsuite> <!-- testclass.TC03_verifybagproductaddtocartfunctinality -->
