<?xml version="1.0" encoding="UTF-8"?>
<!-- Generated by org.testng.reporters.JUnitReportReporter -->
<testsuite hostname="DESKTOP-OVOH92K" failures="0" tests="2" name="testclass.TC04_verifyallproductsaddtocartfunctionality" time="16.510" errors="0" timestamp="2023-03-07T21:21:14 IST" skipped="0">
  <testcase classname="testclass.TC04_verifyallproductsaddtocartfunctionality" name="verifyTitle" time="6.024"/>
  <system-out/>
  <testcase classname="testclass.TC04_verifyallproductsaddtocartfunctionality" name="verifyproduct" time="10.486"/>
  <system-out/>
</testsuite> <!-- testclass.TC04_verifyallproductsaddtocartfunctionality -->
