<?xml version="1.0" encoding="UTF-8"?>
<!-- Generated by org.testng.reporters.JUnitReportReporter -->
<testsuite hostname="DESKTOP-OVOH92K" failures="0" tests="1" name="testclass.TC01_swaglogin" time="5.608" errors="0" timestamp="2023-03-07T21:21:14 IST" skipped="0">
  <testcase classname="testclass.TC01_swaglogin" name="validation" time="5.608"/>
  <system-out/>
</testsuite> <!-- testclass.TC01_swaglogin -->
